build/app/intermediates/manifest_merge_blame_file/release/processReleaseMainManifest/manifest-merger-blame-release-report.txt
1<?xml version="1.0" encoding="utf-8"?>
2<manifest xmlns:android="http://schemas.android.com/apk/res/android"
3    package="com.aham.app"
4    android:versionCode="1"
5    android:versionName="1.0.0" >
6
7    <uses-sdk
8        android:minSdkVersion="21"
9        android:targetSdkVersion="34" />
10    <!-- Internet permissions required for PrakashTV live streaming -->
11    <uses-permission android:name="android.permission.INTERNET" />
11-->src/main/AndroidManifest.xml:3:5-67
11-->src/main/AndroidManifest.xml:3:22-64
12    <uses-permission android:name="android.permission.ACCESS_NETWORK_STATE" />
12-->src/main/AndroidManifest.xml:4:5-79
12-->src/main/AndroidManifest.xml:4:22-76
13
14    <!-- Required for PROCESS_TEXT intent -->
15    <queries>
15-->src/main/AndroidManifest.xml:52:5-57:15
16        <intent>
16-->src/main/AndroidManifest.xml:53:9-56:18
17            <action android:name="android.intent.action.PROCESS_TEXT" />
17-->src/main/AndroidManifest.xml:54:13-72
17-->src/main/AndroidManifest.xml:54:21-70
18
19            <data android:mimeType="text/plain" />
19-->src/main/AndroidManifest.xml:55:13-50
19-->src/main/AndroidManifest.xml:55:19-48
20        </intent>
21        <intent>
21-->[:file_picker] AndroidManifest.xml:8:9-12:18
22            <action android:name="android.intent.action.GET_CONTENT" />
22-->[:file_picker] AndroidManifest.xml:9:13-72
22-->[:file_picker] AndroidManifest.xml:9:21-69
23
24            <data android:mimeType="*/*" />
24-->src/main/AndroidManifest.xml:55:13-50
24-->src/main/AndroidManifest.xml:55:19-48
25        </intent>
26        <intent>
26-->[:flutter_web_auth_2] AndroidManifest.xml:8:9-10:18
27            <action android:name="android.support.customtabs.action.CustomTabsService" />
27-->[:flutter_web_auth_2] AndroidManifest.xml:9:13-90
27-->[:flutter_web_auth_2] AndroidManifest.xml:9:21-87
28        </intent> <!-- For browser content -->
29        <intent>
29-->[com.google.android.gms:play-services-ads-lite:23.6.0] AndroidManifest.xml:38:9-44:18
30            <action android:name="android.intent.action.VIEW" />
30-->src/main/AndroidManifest.xml:32:17-69
30-->src/main/AndroidManifest.xml:32:25-66
31
32            <category android:name="android.intent.category.BROWSABLE" />
32-->src/main/AndroidManifest.xml:34:17-78
32-->src/main/AndroidManifest.xml:34:27-75
33
34            <data android:scheme="https" />
34-->src/main/AndroidManifest.xml:55:13-50
34-->src/main/AndroidManifest.xml:35:23-49
35        </intent> <!-- End of CustomTabsService -->
36        <!-- For MRAID capabilities -->
37        <intent>
37-->[com.google.android.gms:play-services-ads-lite:23.6.0] AndroidManifest.xml:52:9-56:18
38            <action android:name="android.intent.action.INSERT" />
38-->[com.google.android.gms:play-services-ads-lite:23.6.0] AndroidManifest.xml:53:13-67
38-->[com.google.android.gms:play-services-ads-lite:23.6.0] AndroidManifest.xml:53:21-64
39
40            <data android:mimeType="vnd.android.cursor.dir/event" />
40-->src/main/AndroidManifest.xml:55:13-50
40-->src/main/AndroidManifest.xml:55:19-48
41        </intent>
42        <intent>
42-->[com.google.android.gms:play-services-ads-lite:23.6.0] AndroidManifest.xml:57:9-61:18
43            <action android:name="android.intent.action.VIEW" />
43-->src/main/AndroidManifest.xml:32:17-69
43-->src/main/AndroidManifest.xml:32:25-66
44
45            <data android:scheme="sms" />
45-->src/main/AndroidManifest.xml:55:13-50
45-->src/main/AndroidManifest.xml:35:23-49
46        </intent>
47        <intent>
47-->[com.google.android.gms:play-services-ads-lite:23.6.0] AndroidManifest.xml:62:9-66:18
48            <action android:name="android.intent.action.DIAL" />
48-->[com.google.android.gms:play-services-ads-lite:23.6.0] AndroidManifest.xml:63:13-65
48-->[com.google.android.gms:play-services-ads-lite:23.6.0] AndroidManifest.xml:63:21-62
49
50            <data android:path="tel:" />
50-->src/main/AndroidManifest.xml:55:13-50
51        </intent>
52    </queries>
53
54    <uses-permission android:name="com.google.android.gms.permission.AD_ID" />
54-->[com.google.android.gms:play-services-ads-lite:23.6.0] AndroidManifest.xml:26:5-79
54-->[com.google.android.gms:play-services-ads-lite:23.6.0] AndroidManifest.xml:26:22-76
55    <uses-permission android:name="android.permission.ACCESS_ADSERVICES_AD_ID" />
55-->[com.google.android.gms:play-services-ads-lite:23.6.0] AndroidManifest.xml:27:5-82
55-->[com.google.android.gms:play-services-ads-lite:23.6.0] AndroidManifest.xml:27:22-79
56    <uses-permission android:name="android.permission.ACCESS_ADSERVICES_ATTRIBUTION" />
56-->[com.google.android.gms:play-services-ads-lite:23.6.0] AndroidManifest.xml:28:5-88
56-->[com.google.android.gms:play-services-ads-lite:23.6.0] AndroidManifest.xml:28:22-85
57    <uses-permission android:name="android.permission.ACCESS_ADSERVICES_TOPICS" />
57-->[com.google.android.gms:play-services-ads-lite:23.6.0] AndroidManifest.xml:29:5-83
57-->[com.google.android.gms:play-services-ads-lite:23.6.0] AndroidManifest.xml:29:22-80
58    <uses-permission android:name="android.permission.WAKE_LOCK" />
58-->[com.google.android.gms:play-services-measurement-sdk-api:20.1.2] AndroidManifest.xml:25:5-68
58-->[com.google.android.gms:play-services-measurement-sdk-api:20.1.2] AndroidManifest.xml:25:22-65
59    <uses-permission android:name="android.permission.FOREGROUND_SERVICE" />
59-->[androidx.work:work-runtime:2.7.0] AndroidManifest.xml:28:5-77
59-->[androidx.work:work-runtime:2.7.0] AndroidManifest.xml:28:22-74
60
61    <permission
61-->[androidx.core:core:1.15.0] AndroidManifest.xml:22:5-24:47
62        android:name="com.aham.app.DYNAMIC_RECEIVER_NOT_EXPORTED_PERMISSION"
62-->[androidx.core:core:1.15.0] AndroidManifest.xml:23:9-81
63        android:protectionLevel="signature" />
63-->[androidx.core:core:1.15.0] AndroidManifest.xml:24:9-44
64
65    <uses-permission android:name="com.aham.app.DYNAMIC_RECEIVER_NOT_EXPORTED_PERMISSION" />
65-->[androidx.core:core:1.15.0] AndroidManifest.xml:26:5-97
65-->[androidx.core:core:1.15.0] AndroidManifest.xml:26:22-94
66
67    <application
68        android:name="android.app.Application"
68-->src/main/AndroidManifest.xml:8:9-42
69        android:appComponentFactory="androidx.core.app.CoreComponentFactory"
69-->[androidx.core:core:1.15.0] AndroidManifest.xml:28:18-86
70        android:extractNativeLibs="true"
71        android:icon="@mipmap/ic_launcher"
71-->src/main/AndroidManifest.xml:9:9-43
72        android:label="AhamAI" >
72-->src/main/AndroidManifest.xml:7:9-31
73        <activity
73-->src/main/AndroidManifest.xml:11:9-38:20
74            android:name="com.aham.app.MainActivity"
74-->src/main/AndroidManifest.xml:12:13-41
75            android:configChanges="orientation|keyboardHidden|keyboard|screenSize|smallestScreenSize|locale|layoutDirection|fontScale|screenLayout|density|uiMode"
75-->src/main/AndroidManifest.xml:17:13-163
76            android:exported="true"
76-->src/main/AndroidManifest.xml:13:13-36
77            android:hardwareAccelerated="true"
77-->src/main/AndroidManifest.xml:18:13-47
78            android:launchMode="singleTop"
78-->src/main/AndroidManifest.xml:14:13-43
79            android:taskAffinity=""
79-->src/main/AndroidManifest.xml:15:13-36
80            android:theme="@style/LaunchTheme"
80-->src/main/AndroidManifest.xml:16:13-47
81            android:windowSoftInputMode="adjustResize" >
81-->src/main/AndroidManifest.xml:19:13-55
82            <meta-data
82-->src/main/AndroidManifest.xml:21:13-23:56
83                android:name="io.flutter.embedding.android.NormalTheme"
83-->src/main/AndroidManifest.xml:22:17-72
84                android:resource="@style/NormalTheme" />
84-->src/main/AndroidManifest.xml:23:17-54
85
86            <intent-filter>
86-->src/main/AndroidManifest.xml:25:13-28:29
87                <action android:name="android.intent.action.MAIN" />
87-->src/main/AndroidManifest.xml:26:17-68
87-->src/main/AndroidManifest.xml:26:25-66
88
89                <category android:name="android.intent.category.LAUNCHER" />
89-->src/main/AndroidManifest.xml:27:17-76
89-->src/main/AndroidManifest.xml:27:27-74
90            </intent-filter>
91
92            <!-- ADDED FOR GITHUB OAUTH CALLBACK -->
93            <intent-filter android:label="flutter_web_auth_2" >
93-->src/main/AndroidManifest.xml:31:13-36:29
93-->src/main/AndroidManifest.xml:31:28-62
94                <action android:name="android.intent.action.VIEW" />
94-->src/main/AndroidManifest.xml:32:17-69
94-->src/main/AndroidManifest.xml:32:25-66
95
96                <category android:name="android.intent.category.DEFAULT" />
96-->src/main/AndroidManifest.xml:33:17-76
96-->src/main/AndroidManifest.xml:33:27-73
97                <category android:name="android.intent.category.BROWSABLE" />
97-->src/main/AndroidManifest.xml:34:17-78
97-->src/main/AndroidManifest.xml:34:27-75
98
99                <data
99-->src/main/AndroidManifest.xml:55:13-50
100                    android:host="auth"
100-->src/main/AndroidManifest.xml:35:50-69
101                    android:scheme="ahamaiapp" />
101-->src/main/AndroidManifest.xml:35:23-49
102            </intent-filter>
103        </activity>
104
105        <!-- Existing Flutter meta-data -->
106        <meta-data
106-->src/main/AndroidManifest.xml:41:9-43:33
107            android:name="flutterEmbedding"
107-->src/main/AndroidManifest.xml:42:13-44
108            android:value="2" />
108-->src/main/AndroidManifest.xml:43:13-30
109
110        <!-- Added AdMob meta-data tag below -->
111        <meta-data
111-->src/main/AndroidManifest.xml:46:9-48:69
112            android:name="com.google.android.gms.ads.APPLICATION_ID"
112-->src/main/AndroidManifest.xml:47:13-69
113            android:value="ca-app-pub-3394897715416901~1671061893" />
113-->src/main/AndroidManifest.xml:48:13-67
114
115        <provider
115-->[:image_picker_android] AndroidManifest.xml:9:9-17:20
116            android:name="io.flutter.plugins.imagepicker.ImagePickerFileProvider"
116-->[:image_picker_android] AndroidManifest.xml:10:13-82
117            android:authorities="com.aham.app.flutter.image_provider"
117-->[:image_picker_android] AndroidManifest.xml:11:13-74
118            android:exported="false"
118-->[:image_picker_android] AndroidManifest.xml:12:13-37
119            android:grantUriPermissions="true" >
119-->[:image_picker_android] AndroidManifest.xml:13:13-47
120            <meta-data
120-->[:image_picker_android] AndroidManifest.xml:14:13-16:75
121                android:name="android.support.FILE_PROVIDER_PATHS"
121-->[:image_picker_android] AndroidManifest.xml:15:17-67
122                android:resource="@xml/flutter_image_picker_file_paths" />
122-->[:image_picker_android] AndroidManifest.xml:16:17-72
123        </provider> <!-- Trigger Google Play services to install the backported photo picker module. -->
124        <service
124-->[:image_picker_android] AndroidManifest.xml:19:9-31:19
125            android:name="com.google.android.gms.metadata.ModuleDependencies"
125-->[:image_picker_android] AndroidManifest.xml:20:13-78
126            android:enabled="false"
126-->[:image_picker_android] AndroidManifest.xml:21:13-36
127            android:exported="false" >
127-->[:image_picker_android] AndroidManifest.xml:22:13-37
128            <intent-filter>
128-->[:image_picker_android] AndroidManifest.xml:24:13-26:29
129                <action android:name="com.google.android.gms.metadata.MODULE_DEPENDENCIES" />
129-->[:image_picker_android] AndroidManifest.xml:25:17-94
129-->[:image_picker_android] AndroidManifest.xml:25:25-91
130            </intent-filter>
131
132            <meta-data
132-->[:image_picker_android] AndroidManifest.xml:28:13-30:36
133                android:name="photopicker_activity:0:required"
133-->[:image_picker_android] AndroidManifest.xml:29:17-63
134                android:value="" />
134-->[:image_picker_android] AndroidManifest.xml:30:17-33
135        </service>
136
137        <meta-data
137-->[:google_mobile_ads] AndroidManifest.xml:10:9-12:36
138            android:name="io.flutter.embedded_views_preview"
138-->[:google_mobile_ads] AndroidManifest.xml:11:13-61
139            android:value="true" />
139-->[:google_mobile_ads] AndroidManifest.xml:12:13-33
140
141        <provider
141-->[:printing] AndroidManifest.xml:8:9-16:20
142            android:name="net.nfet.flutter.printing.PrintFileProvider"
142-->[:printing] AndroidManifest.xml:9:13-71
143            android:authorities="com.aham.app.flutter.printing"
143-->[:printing] AndroidManifest.xml:10:13-68
144            android:exported="false"
144-->[:printing] AndroidManifest.xml:11:13-37
145            android:grantUriPermissions="true" >
145-->[:printing] AndroidManifest.xml:12:13-47
146            <meta-data
146-->[:image_picker_android] AndroidManifest.xml:14:13-16:75
147                android:name="android.support.FILE_PROVIDER_PATHS"
147-->[:image_picker_android] AndroidManifest.xml:15:17-67
148                android:resource="@xml/flutter_printing_file_paths" />
148-->[:image_picker_android] AndroidManifest.xml:16:17-72
149        </provider>
150        <!--
151           Declares a provider which allows us to store files to share in
152           '.../caches/share_plus' and grant the receiving action access
153        -->
154        <provider
154-->[:share_plus] AndroidManifest.xml:13:9-21:20
155            android:name="dev.fluttercommunity.plus.share.ShareFileProvider"
155-->[:share_plus] AndroidManifest.xml:14:13-77
156            android:authorities="com.aham.app.flutter.share_provider"
156-->[:share_plus] AndroidManifest.xml:15:13-74
157            android:exported="false"
157-->[:share_plus] AndroidManifest.xml:16:13-37
158            android:grantUriPermissions="true" >
158-->[:share_plus] AndroidManifest.xml:17:13-47
159            <meta-data
159-->[:image_picker_android] AndroidManifest.xml:14:13-16:75
160                android:name="android.support.FILE_PROVIDER_PATHS"
160-->[:image_picker_android] AndroidManifest.xml:15:17-67
161                android:resource="@xml/flutter_share_file_paths" />
161-->[:image_picker_android] AndroidManifest.xml:16:17-72
162        </provider>
163        <!--
164           This manifest declared broadcast receiver allows us to use an explicit
165           Intent when creating a PendingItent to be informed of the user's choice
166        -->
167        <receiver
167-->[:share_plus] AndroidManifest.xml:26:9-32:20
168            android:name="dev.fluttercommunity.plus.share.SharePlusPendingIntent"
168-->[:share_plus] AndroidManifest.xml:27:13-82
169            android:exported="false" >
169-->[:share_plus] AndroidManifest.xml:28:13-37
170            <intent-filter>
170-->[:share_plus] AndroidManifest.xml:29:13-31:29
171                <action android:name="EXTRA_CHOSEN_COMPONENT" />
171-->[:share_plus] AndroidManifest.xml:30:17-65
171-->[:share_plus] AndroidManifest.xml:30:25-62
172            </intent-filter>
173        </receiver>
174
175        <activity
175-->[:url_launcher_android] AndroidManifest.xml:8:9-11:74
176            android:name="io.flutter.plugins.urllauncher.WebViewActivity"
176-->[:url_launcher_android] AndroidManifest.xml:9:13-74
177            android:exported="false"
177-->[:url_launcher_android] AndroidManifest.xml:10:13-37
178            android:theme="@android:style/Theme.NoTitleBar.Fullscreen" /> <!-- Include the AdActivity and InAppPurchaseActivity configChanges and themes. -->
178-->[:url_launcher_android] AndroidManifest.xml:11:13-71
179        <activity
179-->[com.google.android.gms:play-services-ads-lite:23.6.0] AndroidManifest.xml:73:9-78:43
180            android:name="com.google.android.gms.ads.AdActivity"
180-->[com.google.android.gms:play-services-ads-lite:23.6.0] AndroidManifest.xml:74:13-65
181            android:configChanges="keyboard|keyboardHidden|orientation|screenLayout|uiMode|screenSize|smallestScreenSize"
181-->[com.google.android.gms:play-services-ads-lite:23.6.0] AndroidManifest.xml:75:13-122
182            android:exported="false"
182-->[com.google.android.gms:play-services-ads-lite:23.6.0] AndroidManifest.xml:76:13-37
183            android:theme="@android:style/Theme.Translucent" />
183-->[com.google.android.gms:play-services-ads-lite:23.6.0] AndroidManifest.xml:77:13-61
184
185        <provider
185-->[com.google.android.gms:play-services-ads-lite:23.6.0] AndroidManifest.xml:80:9-85:43
186            android:name="com.google.android.gms.ads.MobileAdsInitProvider"
186-->[com.google.android.gms:play-services-ads-lite:23.6.0] AndroidManifest.xml:81:13-76
187            android:authorities="com.aham.app.mobileadsinitprovider"
187-->[com.google.android.gms:play-services-ads-lite:23.6.0] AndroidManifest.xml:82:13-73
188            android:exported="false"
188-->[com.google.android.gms:play-services-ads-lite:23.6.0] AndroidManifest.xml:83:13-37
189            android:initOrder="100" />
189-->[com.google.android.gms:play-services-ads-lite:23.6.0] AndroidManifest.xml:84:13-36
190
191        <service
191-->[com.google.android.gms:play-services-ads-lite:23.6.0] AndroidManifest.xml:87:9-91:43
192            android:name="com.google.android.gms.ads.AdService"
192-->[com.google.android.gms:play-services-ads-lite:23.6.0] AndroidManifest.xml:88:13-64
193            android:enabled="true"
193-->[com.google.android.gms:play-services-ads-lite:23.6.0] AndroidManifest.xml:89:13-35
194            android:exported="false" />
194-->[com.google.android.gms:play-services-ads-lite:23.6.0] AndroidManifest.xml:90:13-37
195
196        <activity
196-->[com.google.android.gms:play-services-ads-lite:23.6.0] AndroidManifest.xml:93:9-97:43
197            android:name="com.google.android.gms.ads.OutOfContextTestingActivity"
197-->[com.google.android.gms:play-services-ads-lite:23.6.0] AndroidManifest.xml:94:13-82
198            android:configChanges="keyboard|keyboardHidden|orientation|screenLayout|uiMode|screenSize|smallestScreenSize"
198-->[com.google.android.gms:play-services-ads-lite:23.6.0] AndroidManifest.xml:95:13-122
199            android:exported="false" />
199-->[com.google.android.gms:play-services-ads-lite:23.6.0] AndroidManifest.xml:96:13-37
200        <activity
200-->[com.google.android.gms:play-services-ads-lite:23.6.0] AndroidManifest.xml:98:9-105:43
201            android:name="com.google.android.gms.ads.NotificationHandlerActivity"
201-->[com.google.android.gms:play-services-ads-lite:23.6.0] AndroidManifest.xml:99:13-82
202            android:excludeFromRecents="true"
202-->[com.google.android.gms:play-services-ads-lite:23.6.0] AndroidManifest.xml:100:13-46
203            android:exported="false"
203-->[com.google.android.gms:play-services-ads-lite:23.6.0] AndroidManifest.xml:101:13-37
204            android:launchMode="singleTask"
204-->[com.google.android.gms:play-services-ads-lite:23.6.0] AndroidManifest.xml:102:13-44
205            android:taskAffinity=""
205-->[com.google.android.gms:play-services-ads-lite:23.6.0] AndroidManifest.xml:103:13-36
206            android:theme="@android:style/Theme.Translucent.NoTitleBar" />
206-->[com.google.android.gms:play-services-ads-lite:23.6.0] AndroidManifest.xml:104:13-72
207
208        <property
208-->[com.google.android.gms:play-services-ads-lite:23.6.0] AndroidManifest.xml:107:9-109:62
209            android:name="android.adservices.AD_SERVICES_CONFIG"
209-->[com.google.android.gms:play-services-ads-lite:23.6.0] AndroidManifest.xml:108:13-65
210            android:resource="@xml/gma_ad_services_config" />
210-->[com.google.android.gms:play-services-ads-lite:23.6.0] AndroidManifest.xml:109:13-59
211
212        <activity
212-->[com.google.android.gms:play-services-base:18.0.0] AndroidManifest.xml:20:9-22:45
213            android:name="com.google.android.gms.common.api.GoogleApiActivity"
213-->[com.google.android.gms:play-services-base:18.0.0] AndroidManifest.xml:20:19-85
214            android:exported="false"
214-->[com.google.android.gms:play-services-base:18.0.0] AndroidManifest.xml:22:19-43
215            android:theme="@android:style/Theme.Translucent.NoTitleBar" />
215-->[com.google.android.gms:play-services-base:18.0.0] AndroidManifest.xml:21:19-78
216
217        <meta-data
217-->[com.google.android.gms:play-services-basement:18.4.0] AndroidManifest.xml:6:9-122
218            android:name="com.google.android.gms.version"
218-->[com.google.android.gms:play-services-basement:18.4.0] AndroidManifest.xml:6:20-65
219            android:value="@integer/google_play_services_version" />
219-->[com.google.android.gms:play-services-basement:18.4.0] AndroidManifest.xml:6:66-119
220
221        <uses-library
221-->[androidx.privacysandbox.ads:ads-adservices:1.0.0-beta05] AndroidManifest.xml:23:9-25:40
222            android:name="android.ext.adservices"
222-->[androidx.privacysandbox.ads:ads-adservices:1.0.0-beta05] AndroidManifest.xml:24:13-50
223            android:required="false" />
223-->[androidx.privacysandbox.ads:ads-adservices:1.0.0-beta05] AndroidManifest.xml:25:13-37
224
225        <provider
225-->[androidx.work:work-runtime:2.7.0] AndroidManifest.xml:31:9-39:20
226            android:name="androidx.startup.InitializationProvider"
226-->[androidx.work:work-runtime:2.7.0] AndroidManifest.xml:32:13-67
227            android:authorities="com.aham.app.androidx-startup"
227-->[androidx.work:work-runtime:2.7.0] AndroidManifest.xml:33:13-68
228            android:exported="false" >
228-->[androidx.work:work-runtime:2.7.0] AndroidManifest.xml:34:13-37
229            <meta-data
229-->[androidx.work:work-runtime:2.7.0] AndroidManifest.xml:36:13-38:52
230                android:name="androidx.work.WorkManagerInitializer"
230-->[androidx.work:work-runtime:2.7.0] AndroidManifest.xml:37:17-68
231                android:value="androidx.startup" />
231-->[androidx.work:work-runtime:2.7.0] AndroidManifest.xml:38:17-49
232            <meta-data
232-->[androidx.lifecycle:lifecycle-process:2.8.7] AndroidManifest.xml:29:13-31:52
233                android:name="androidx.lifecycle.ProcessLifecycleInitializer"
233-->[androidx.lifecycle:lifecycle-process:2.8.7] AndroidManifest.xml:30:17-78
234                android:value="androidx.startup" />
234-->[androidx.lifecycle:lifecycle-process:2.8.7] AndroidManifest.xml:31:17-49
235            <meta-data
235-->[androidx.profileinstaller:profileinstaller:1.3.1] AndroidManifest.xml:29:13-31:52
236                android:name="androidx.profileinstaller.ProfileInstallerInitializer"
236-->[androidx.profileinstaller:profileinstaller:1.3.1] AndroidManifest.xml:30:17-85
237                android:value="androidx.startup" />
237-->[androidx.profileinstaller:profileinstaller:1.3.1] AndroidManifest.xml:31:17-49
238        </provider>
239
240        <service
240-->[androidx.work:work-runtime:2.7.0] AndroidManifest.xml:41:9-46:35
241            android:name="androidx.work.impl.background.systemalarm.SystemAlarmService"
241-->[androidx.work:work-runtime:2.7.0] AndroidManifest.xml:42:13-88
242            android:directBootAware="false"
242-->[androidx.work:work-runtime:2.7.0] AndroidManifest.xml:43:13-44
243            android:enabled="@bool/enable_system_alarm_service_default"
243-->[androidx.work:work-runtime:2.7.0] AndroidManifest.xml:44:13-72
244            android:exported="false" />
244-->[androidx.work:work-runtime:2.7.0] AndroidManifest.xml:45:13-37
245        <service
245-->[androidx.work:work-runtime:2.7.0] AndroidManifest.xml:47:9-53:35
246            android:name="androidx.work.impl.background.systemjob.SystemJobService"
246-->[androidx.work:work-runtime:2.7.0] AndroidManifest.xml:48:13-84
247            android:directBootAware="false"
247-->[androidx.work:work-runtime:2.7.0] AndroidManifest.xml:49:13-44
248            android:enabled="@bool/enable_system_job_service_default"
248-->[androidx.work:work-runtime:2.7.0] AndroidManifest.xml:50:13-70
249            android:exported="true"
249-->[androidx.work:work-runtime:2.7.0] AndroidManifest.xml:51:13-36
250            android:permission="android.permission.BIND_JOB_SERVICE" />
250-->[androidx.work:work-runtime:2.7.0] AndroidManifest.xml:52:13-69
251        <service
251-->[androidx.work:work-runtime:2.7.0] AndroidManifest.xml:54:9-59:35
252            android:name="androidx.work.impl.foreground.SystemForegroundService"
252-->[androidx.work:work-runtime:2.7.0] AndroidManifest.xml:55:13-81
253            android:directBootAware="false"
253-->[androidx.work:work-runtime:2.7.0] AndroidManifest.xml:56:13-44
254            android:enabled="@bool/enable_system_foreground_service_default"
254-->[androidx.work:work-runtime:2.7.0] AndroidManifest.xml:57:13-77
255            android:exported="false" />
255-->[androidx.work:work-runtime:2.7.0] AndroidManifest.xml:58:13-37
256
257        <receiver
257-->[androidx.work:work-runtime:2.7.0] AndroidManifest.xml:61:9-66:35
258            android:name="androidx.work.impl.utils.ForceStopRunnable$BroadcastReceiver"
258-->[androidx.work:work-runtime:2.7.0] AndroidManifest.xml:62:13-88
259            android:directBootAware="false"
259-->[androidx.work:work-runtime:2.7.0] AndroidManifest.xml:63:13-44
260            android:enabled="true"
260-->[androidx.work:work-runtime:2.7.0] AndroidManifest.xml:64:13-35
261            android:exported="false" />
261-->[androidx.work:work-runtime:2.7.0] AndroidManifest.xml:65:13-37
262        <receiver
262-->[androidx.work:work-runtime:2.7.0] AndroidManifest.xml:67:9-77:20
263            android:name="androidx.work.impl.background.systemalarm.ConstraintProxy$BatteryChargingProxy"
263-->[androidx.work:work-runtime:2.7.0] AndroidManifest.xml:68:13-106
264            android:directBootAware="false"
264-->[androidx.work:work-runtime:2.7.0] AndroidManifest.xml:69:13-44
265            android:enabled="false"
265-->[androidx.work:work-runtime:2.7.0] AndroidManifest.xml:70:13-36
266            android:exported="false" >
266-->[androidx.work:work-runtime:2.7.0] AndroidManifest.xml:71:13-37
267            <intent-filter>
267-->[androidx.work:work-runtime:2.7.0] AndroidManifest.xml:73:13-76:29
268                <action android:name="android.intent.action.ACTION_POWER_CONNECTED" />
268-->[androidx.work:work-runtime:2.7.0] AndroidManifest.xml:74:17-87
268-->[androidx.work:work-runtime:2.7.0] AndroidManifest.xml:74:25-84
269                <action android:name="android.intent.action.ACTION_POWER_DISCONNECTED" />
269-->[androidx.work:work-runtime:2.7.0] AndroidManifest.xml:75:17-90
269-->[androidx.work:work-runtime:2.7.0] AndroidManifest.xml:75:25-87
270            </intent-filter>
271        </receiver>
272        <receiver
272-->[androidx.work:work-runtime:2.7.0] AndroidManifest.xml:78:9-88:20
273            android:name="androidx.work.impl.background.systemalarm.ConstraintProxy$BatteryNotLowProxy"
273-->[androidx.work:work-runtime:2.7.0] AndroidManifest.xml:79:13-104
274            android:directBootAware="false"
274-->[androidx.work:work-runtime:2.7.0] AndroidManifest.xml:80:13-44
275            android:enabled="false"
275-->[androidx.work:work-runtime:2.7.0] AndroidManifest.xml:81:13-36
276            android:exported="false" >
276-->[androidx.work:work-runtime:2.7.0] AndroidManifest.xml:82:13-37
277            <intent-filter>
277-->[androidx.work:work-runtime:2.7.0] AndroidManifest.xml:84:13-87:29
278                <action android:name="android.intent.action.BATTERY_OKAY" />
278-->[androidx.work:work-runtime:2.7.0] AndroidManifest.xml:85:17-77
278-->[androidx.work:work-runtime:2.7.0] AndroidManifest.xml:85:25-74
279                <action android:name="android.intent.action.BATTERY_LOW" />
279-->[androidx.work:work-runtime:2.7.0] AndroidManifest.xml:86:17-76
279-->[androidx.work:work-runtime:2.7.0] AndroidManifest.xml:86:25-73
280            </intent-filter>
281        </receiver>
282        <receiver
282-->[androidx.work:work-runtime:2.7.0] AndroidManifest.xml:89:9-99:20
283            android:name="androidx.work.impl.background.systemalarm.ConstraintProxy$StorageNotLowProxy"
283-->[androidx.work:work-runtime:2.7.0] AndroidManifest.xml:90:13-104
284            android:directBootAware="false"
284-->[androidx.work:work-runtime:2.7.0] AndroidManifest.xml:91:13-44
285            android:enabled="false"
285-->[androidx.work:work-runtime:2.7.0] AndroidManifest.xml:92:13-36
286            android:exported="false" >
286-->[androidx.work:work-runtime:2.7.0] AndroidManifest.xml:93:13-37
287            <intent-filter>
287-->[androidx.work:work-runtime:2.7.0] AndroidManifest.xml:95:13-98:29
288                <action android:name="android.intent.action.DEVICE_STORAGE_LOW" />
288-->[androidx.work:work-runtime:2.7.0] AndroidManifest.xml:96:17-83
288-->[androidx.work:work-runtime:2.7.0] AndroidManifest.xml:96:25-80
289                <action android:name="android.intent.action.DEVICE_STORAGE_OK" />
289-->[androidx.work:work-runtime:2.7.0] AndroidManifest.xml:97:17-82
289-->[androidx.work:work-runtime:2.7.0] AndroidManifest.xml:97:25-79
290            </intent-filter>
291        </receiver>
292        <receiver
292-->[androidx.work:work-runtime:2.7.0] AndroidManifest.xml:100:9-109:20
293            android:name="androidx.work.impl.background.systemalarm.ConstraintProxy$NetworkStateProxy"
293-->[androidx.work:work-runtime:2.7.0] AndroidManifest.xml:101:13-103
294            android:directBootAware="false"
294-->[androidx.work:work-runtime:2.7.0] AndroidManifest.xml:102:13-44
295            android:enabled="false"
295-->[androidx.work:work-runtime:2.7.0] AndroidManifest.xml:103:13-36
296            android:exported="false" >
296-->[androidx.work:work-runtime:2.7.0] AndroidManifest.xml:104:13-37
297            <intent-filter>
297-->[androidx.work:work-runtime:2.7.0] AndroidManifest.xml:106:13-108:29
298                <action android:name="android.net.conn.CONNECTIVITY_CHANGE" />
298-->[androidx.work:work-runtime:2.7.0] AndroidManifest.xml:107:17-79
298-->[androidx.work:work-runtime:2.7.0] AndroidManifest.xml:107:25-76